<?xml version="1.0" encoding="UTF-8"?>
<testng-results skipped="0" failed="0" ignored="0" total="1" passed="1">
  <reporter-output>
  </reporter-output>
  <suite name="Suite" duration-ms="46990" started-at="2020-07-26T11:02:25 IST" finished-at="2020-07-26T11:03:12 IST">
    <groups>
    </groups>
    <test name="Test" duration-ms="46990" started-at="2020-07-26T11:02:25 IST" finished-at="2020-07-26T11:03:12 IST">
      <class name="com.hyframework.test.Homepagetest">
        <test-method status="PASS" signature="setReport()[pri:0, instance:com.hyframework.test.Homepagetest@3632be31]" name="setReport" is-config="true" duration-ms="199" started-at="2020-07-26T11:02:25 IST" finished-at="2020-07-26T11:02:25 IST">
          <reporter-output>
          </reporter-output>
        </test-method> <!-- setReport -->
        <test-method status="PASS" signature="setup(java.lang.String, java.lang.String)[pri:0, instance:com.hyframework.test.Homepagetest@3632be31]" name="setup" is-config="true" duration-ms="26397" started-at="2020-07-26T11:02:25 IST" finished-at="2020-07-26T11:02:52 IST">
          <params>
            <param index="0">
              <value>
                <![CDATA[Firefox]]>
              </value>
            </param>
            <param index="1">
              <value>
                <![CDATA[https://ui.cogmento.com/]]>
              </value>
            </param>
          </params>
          <reporter-output>
          </reporter-output>
        </test-method> <!-- setup -->
        <test-method status="PASS" signature="WelcomeHomePage()[pri:0, instance:com.hyframework.test.Homepagetest@3632be31]" name="WelcomeHomePage" duration-ms="13997" started-at="2020-07-26T11:02:52 IST" finished-at="2020-07-26T11:03:06 IST">
          <reporter-output>
          </reporter-output>
        </test-method> <!-- WelcomeHomePage -->
        <test-method status="PASS" signature="teardownmethod(org.testng.ITestResult)[pri:0, instance:com.hyframework.test.Homepagetest@3632be31]" name="teardownmethod" is-config="true" duration-ms="904" started-at="2020-07-26T11:03:06 IST" finished-at="2020-07-26T11:03:07 IST">
          <params>
            <param index="0">
              <value>
                <![CDATA[[TestResult name=WelcomeHomePage status=SUCCESS method=Homepagetest.WelcomeHomePage()[pri:0, instance:com.hyframework.test.Homepagetest@3632be31] output={null}]]]>
              </value>
            </param>
          </params>
          <reporter-output>
          </reporter-output>
        </test-method> <!-- teardownmethod -->
        <test-method status="PASS" signature="tearDown()[pri:0, instance:com.hyframework.test.Homepagetest@3632be31]" name="tearDown" is-config="true" duration-ms="5651" started-at="2020-07-26T11:03:07 IST" finished-at="2020-07-26T11:03:12 IST">
          <reporter-output>
          </reporter-output>
        </test-method> <!-- tearDown -->
      </class> <!-- com.hyframework.test.Homepagetest -->
    </test> <!-- Test -->
  </suite> <!-- Suite -->
</testng-results>
