<?xml version="1.0" encoding="UTF-8"?>
<testng-results skipped="0" failed="0" ignored="0" total="1" passed="1">
  <reporter-output>
  </reporter-output>
  <suite name="Default suite" duration-ms="63471" started-at="2020-07-25T15:08:15 IST" finished-at="2020-07-25T15:09:18 IST">
    <groups>
    </groups>
    <test name="Default test" duration-ms="63471" started-at="2020-07-25T15:08:15 IST" finished-at="2020-07-25T15:09:18 IST">
      <class name="com.hyframework.test.Homepagetest">
        <test-method status="PASS" signature="setReport()[pri:0, instance:com.hyframework.test.Homepagetest@7f13d6e]" name="setReport" is-config="true" duration-ms="120" started-at="2020-07-25T15:08:15 IST" finished-at="2020-07-25T15:08:15 IST">
          <reporter-output>
          </reporter-output>
        </test-method> <!-- setReport -->
        <test-method status="PASS" signature="setup()[pri:0, instance:com.hyframework.test.Homepagetest@7f13d6e]" name="setup" is-config="true" duration-ms="42952" started-at="2020-07-25T15:08:15 IST" finished-at="2020-07-25T15:08:58 IST">
          <reporter-output>
          </reporter-output>
        </test-method> <!-- setup -->
        <test-method status="PASS" signature="WelcomeHomePage()[pri:0, instance:com.hyframework.test.Homepagetest@7f13d6e]" name="WelcomeHomePage" duration-ms="13541" started-at="2020-07-25T15:08:58 IST" finished-at="2020-07-25T15:09:11 IST">
          <reporter-output>
          </reporter-output>
        </test-method> <!-- WelcomeHomePage -->
        <test-method status="PASS" signature="teardownmethod(org.testng.ITestResult)[pri:0, instance:com.hyframework.test.Homepagetest@7f13d6e]" name="teardownmethod" is-config="true" duration-ms="1117" started-at="2020-07-25T15:09:11 IST" finished-at="2020-07-25T15:09:12 IST">
          <params>
            <param index="0">
              <value>
                <![CDATA[[TestResult name=WelcomeHomePage status=SUCCESS method=Homepagetest.WelcomeHomePage()[pri:0, instance:com.hyframework.test.Homepagetest@7f13d6e] output={null}]]]>
              </value>
            </param>
          </params>
          <reporter-output>
          </reporter-output>
        </test-method> <!-- teardownmethod -->
        <test-method status="PASS" signature="tearDown()[pri:0, instance:com.hyframework.test.Homepagetest@7f13d6e]" name="tearDown" is-config="true" duration-ms="5814" started-at="2020-07-25T15:09:12 IST" finished-at="2020-07-25T15:09:18 IST">
          <reporter-output>
          </reporter-output>
        </test-method> <!-- tearDown -->
      </class> <!-- com.hyframework.test.Homepagetest -->
    </test> <!-- Default test -->
  </suite> <!-- Default suite -->
</testng-results>
